1717341174.217038 client started (66648): version 3.4, socket /private/tmp/tmux-503/default, protocol 8
1717341174.217157 on Darwin 23.5.0 Darwin Kernel Version 23.5.0: Wed May  1 20:12:58 PDT 2024; root:xnu-10063.121.3~5/RELEASE_ARM64_T6000
1717341174.217175 using libevent 2.1.12-stable select
1717341174.217214 using utf8proc 2.9.0
1717341174.217225 using ncurses 6.5 20240427
1717341174.217249 flags are 0x10010000
1717341174.217257 socket is /private/tmp/tmux-503/default
1717341174.217278 trying connect
1717341174.218076 add peer 0x128048000: 6 (0x0)
1717341174.220765 sending message 100 to peer 0x128048000 (4 bytes)
1717341174.220781 sending message 111 to peer 0x128048000 (8 bytes)
1717341174.220789 sending message 101 to peer 0x128048000 (15 bytes)
1717341174.220797 sending message 109 to peer 0x128048000 (4 bytes)
1717341174.220803 sending message 102 to peer 0x128048000 (13 bytes)
1717341174.220810 sending message 108 to peer 0x128048000 (29 bytes)
1717341174.220816 sending message 112 to peer 0x128048000 (58 bytes)
1717341174.220823 sending message 112 to peer 0x128048000 (5 bytes)
1717341174.220829 sending message 112 to peer 0x128048000 (5 bytes)
1717341174.220835 sending message 112 to peer 0x128048000 (6 bytes)
1717341174.220841 sending message 112 to peer 0x128048000 (6 bytes)
1717341174.220848 sending message 112 to peer 0x128048000 (11 bytes)
1717341174.220854 sending message 112 to peer 0x128048000 (10 bytes)
1717341174.220860 sending message 112 to peer 0x128048000 (13 bytes)
1717341174.220866 sending message 112 to peer 0x128048000 (14 bytes)
1717341174.220872 sending message 112 to peer 0x128048000 (19 bytes)
1717341174.220878 sending message 112 to peer 0x128048000 (11 bytes)
1717341174.220885 sending message 112 to peer 0x128048000 (10 bytes)
1717341174.220891 sending message 112 to peer 0x128048000 (15 bytes)
1717341174.220897 sending message 112 to peer 0x128048000 (21 bytes)
1717341174.220903 sending message 112 to peer 0x128048000 (13 bytes)
1717341174.220909 sending message 112 to peer 0x128048000 (7 bytes)
1717341174.220915 sending message 112 to peer 0x128048000 (13 bytes)
1717341174.220921 sending message 112 to peer 0x128048000 (7 bytes)
1717341174.220927 sending message 112 to peer 0x128048000 (13 bytes)
1717341174.220934 sending message 112 to peer 0x128048000 (9 bytes)
1717341174.220940 sending message 112 to peer 0x128048000 (21 bytes)
1717341174.220946 sending message 112 to peer 0x128048000 (13 bytes)
1717341174.220952 sending message 112 to peer 0x128048000 (9 bytes)
1717341174.220958 sending message 112 to peer 0x128048000 (16 bytes)
1717341174.220964 sending message 112 to peer 0x128048000 (13 bytes)
1717341174.220970 sending message 112 to peer 0x128048000 (9 bytes)
1717341174.220976 sending message 112 to peer 0x128048000 (9 bytes)
1717341174.220982 sending message 112 to peer 0x128048000 (12 bytes)
1717341174.220988 sending message 112 to peer 0x128048000 (8 bytes)
1717341174.220995 sending message 112 to peer 0x128048000 (8 bytes)
1717341174.221001 sending message 112 to peer 0x128048000 (13 bytes)
1717341174.221007 sending message 112 to peer 0x128048000 (7 bytes)
1717341174.221013 sending message 112 to peer 0x128048000 (7 bytes)
1717341174.221019 sending message 112 to peer 0x128048000 (9 bytes)
1717341174.221025 sending message 112 to peer 0x128048000 (9 bytes)
1717341174.221031 sending message 112 to peer 0x128048000 (15 bytes)
1717341174.221037 sending message 112 to peer 0x128048000 (13 bytes)
1717341174.221044 sending message 112 to peer 0x128048000 (12 bytes)
1717341174.221050 sending message 112 to peer 0x128048000 (8 bytes)
1717341174.221056 sending message 112 to peer 0x128048000 (14 bytes)
1717341174.221062 sending message 112 to peer 0x128048000 (11 bytes)
1717341174.221068 sending message 112 to peer 0x128048000 (9 bytes)
1717341174.221074 sending message 112 to peer 0x128048000 (10 bytes)
1717341174.221080 sending message 112 to peer 0x128048000 (10 bytes)
1717341174.221086 sending message 112 to peer 0x128048000 (10 bytes)
1717341174.221092 sending message 112 to peer 0x128048000 (10 bytes)
1717341174.221111 sending message 112 to peer 0x128048000 (11 bytes)
1717341174.221115 sending message 112 to peer 0x128048000 (12 bytes)
1717341174.221120 sending message 112 to peer 0x128048000 (12 bytes)
1717341174.221124 sending message 112 to peer 0x128048000 (12 bytes)
1717341174.221129 sending message 112 to peer 0x128048000 (12 bytes)
1717341174.221133 sending message 112 to peer 0x128048000 (12 bytes)
1717341174.221137 sending message 112 to peer 0x128048000 (11 bytes)
1717341174.221142 sending message 112 to peer 0x128048000 (11 bytes)
1717341174.221146 sending message 112 to peer 0x128048000 (12 bytes)
1717341174.221151 sending message 112 to peer 0x128048000 (12 bytes)
1717341174.221155 sending message 112 to peer 0x128048000 (12 bytes)
1717341174.221159 sending message 112 to peer 0x128048000 (12 bytes)
1717341174.221163 sending message 112 to peer 0x128048000 (12 bytes)
1717341174.221168 sending message 112 to peer 0x128048000 (9 bytes)
1717341174.221172 sending message 112 to peer 0x128048000 (12 bytes)
1717341174.221176 sending message 112 to peer 0x128048000 (13 bytes)
1717341174.221181 sending message 112 to peer 0x128048000 (13 bytes)
1717341174.221185 sending message 112 to peer 0x128048000 (13 bytes)
1717341174.221189 sending message 112 to peer 0x128048000 (13 bytes)
1717341174.221194 sending message 112 to peer 0x128048000 (13 bytes)
1717341174.221199 sending message 112 to peer 0x128048000 (8 bytes)
1717341174.221203 sending message 112 to peer 0x128048000 (11 bytes)
1717341174.221206 sending message 112 to peer 0x128048000 (11 bytes)
1717341174.221210 sending message 112 to peer 0x128048000 (11 bytes)
1717341174.221214 sending message 112 to peer 0x128048000 (12 bytes)
1717341174.221218 sending message 112 to peer 0x128048000 (12 bytes)
1717341174.221221 sending message 112 to peer 0x128048000 (12 bytes)
1717341174.221225 sending message 112 to peer 0x128048000 (12 bytes)
1717341174.221229 sending message 112 to peer 0x128048000 (13 bytes)
1717341174.221233 sending message 112 to peer 0x128048000 (13 bytes)
1717341174.221236 sending message 112 to peer 0x128048000 (13 bytes)
1717341174.221240 sending message 112 to peer 0x128048000 (8 bytes)
1717341174.221244 sending message 112 to peer 0x128048000 (13 bytes)
1717341174.221248 sending message 112 to peer 0x128048000 (13 bytes)
1717341174.221252 sending message 112 to peer 0x128048000 (13 bytes)
1717341174.221256 sending message 112 to peer 0x128048000 (13 bytes)
1717341174.221260 sending message 112 to peer 0x128048000 (13 bytes)
1717341174.221264 sending message 112 to peer 0x128048000 (12 bytes)
1717341174.221268 sending message 112 to peer 0x128048000 (12 bytes)
1717341174.221272 sending message 112 to peer 0x128048000 (12 bytes)
1717341174.221276 sending message 112 to peer 0x128048000 (12 bytes)
1717341174.221280 sending message 112 to peer 0x128048000 (13 bytes)
1717341174.221283 sending message 112 to peer 0x128048000 (8 bytes)
1717341174.221287 sending message 112 to peer 0x128048000 (13 bytes)
1717341174.221291 sending message 112 to peer 0x128048000 (13 bytes)
1717341174.221295 sending message 112 to peer 0x128048000 (13 bytes)
1717341174.221299 sending message 112 to peer 0x128048000 (13 bytes)
1717341174.221302 sending message 112 to peer 0x128048000 (13 bytes)
1717341174.221306 sending message 112 to peer 0x128048000 (13 bytes)
1717341174.221310 sending message 112 to peer 0x128048000 (13 bytes)
1717341174.221314 sending message 112 to peer 0x128048000 (12 bytes)
1717341174.221318 sending message 112 to peer 0x128048000 (12 bytes)
1717341174.221321 sending message 112 to peer 0x128048000 (12 bytes)
1717341174.221325 sending message 112 to peer 0x128048000 (8 bytes)
1717341174.221329 sending message 112 to peer 0x128048000 (12 bytes)
1717341174.221333 sending message 112 to peer 0x128048000 (13 bytes)
1717341174.221336 sending message 112 to peer 0x128048000 (13 bytes)
1717341174.221340 sending message 112 to peer 0x128048000 (13 bytes)
1717341174.221344 sending message 112 to peer 0x128048000 (13 bytes)
1717341174.221348 sending message 112 to peer 0x128048000 (13 bytes)
1717341174.221358 sending message 112 to peer 0x128048000 (13 bytes)
1717341174.221362 sending message 112 to peer 0x128048000 (13 bytes)
1717341174.221366 sending message 112 to peer 0x128048000 (13 bytes)
1717341174.221370 sending message 112 to peer 0x128048000 (12 bytes)
1717341174.221374 sending message 112 to peer 0x128048000 (10 bytes)
1717341174.221378 sending message 112 to peer 0x128048000 (12 bytes)
1717341174.221381 sending message 112 to peer 0x128048000 (12 bytes)
1717341174.221385 sending message 112 to peer 0x128048000 (12 bytes)
1717341174.221389 sending message 112 to peer 0x128048000 (13 bytes)
1717341174.221393 sending message 112 to peer 0x128048000 (13 bytes)
1717341174.221396 sending message 112 to peer 0x128048000 (13 bytes)
1717341174.221400 sending message 112 to peer 0x128048000 (13 bytes)
1717341174.221404 sending message 112 to peer 0x128048000 (13 bytes)
1717341174.221408 sending message 112 to peer 0x128048000 (13 bytes)
1717341174.221411 sending message 112 to peer 0x128048000 (13 bytes)
1717341174.221415 sending message 112 to peer 0x128048000 (10 bytes)
1717341174.221419 sending message 112 to peer 0x128048000 (13 bytes)
1717341174.221422 sending message 112 to peer 0x128048000 (12 bytes)
1717341174.221426 sending message 112 to peer 0x128048000 (12 bytes)
1717341174.221430 sending message 112 to peer 0x128048000 (12 bytes)
1717341174.221434 sending message 112 to peer 0x128048000 (10 bytes)
1717341174.221438 sending message 112 to peer 0x128048000 (10 bytes)
1717341174.221441 sending message 112 to peer 0x128048000 (10 bytes)
1717341174.221445 sending message 112 to peer 0x128048000 (12 bytes)
1717341174.221449 sending message 112 to peer 0x128048000 (13 bytes)
1717341174.221453 sending message 112 to peer 0x128048000 (13 bytes)
1717341174.221456 sending message 112 to peer 0x128048000 (13 bytes)
1717341174.221460 sending message 112 to peer 0x128048000 (13 bytes)
1717341174.221464 sending message 112 to peer 0x128048000 (13 bytes)
1717341174.221468 sending message 112 to peer 0x128048000 (10 bytes)
1717341174.221471 sending message 112 to peer 0x128048000 (11 bytes)
1717341174.221475 sending message 112 to peer 0x128048000 (12 bytes)
1717341174.221479 sending message 112 to peer 0x128048000 (12 bytes)
1717341174.221483 sending message 112 to peer 0x128048000 (12 bytes)
1717341174.221486 sending message 112 to peer 0x128048000 (12 bytes)
1717341174.221490 sending message 112 to peer 0x128048000 (12 bytes)
1717341174.221494 sending message 112 to peer 0x128048000 (11 bytes)
1717341174.221497 sending message 112 to peer 0x128048000 (12 bytes)
1717341174.221501 sending message 112 to peer 0x128048000 (12 bytes)
1717341174.221505 sending message 112 to peer 0x128048000 (13 bytes)
1717341174.221509 sending message 112 to peer 0x128048000 (13 bytes)
1717341174.221513 sending message 112 to peer 0x128048000 (13 bytes)
1717341174.221517 sending message 112 to peer 0x128048000 (13 bytes)
1717341174.221520 sending message 112 to peer 0x128048000 (13 bytes)
1717341174.221524 sending message 112 to peer 0x128048000 (10 bytes)
1717341174.221528 sending message 112 to peer 0x128048000 (9 bytes)
1717341174.221531 sending message 112 to peer 0x128048000 (12 bytes)
1717341174.221535 sending message 112 to peer 0x128048000 (13 bytes)
1717341174.221539 sending message 112 to peer 0x128048000 (13 bytes)
1717341174.221543 sending message 112 to peer 0x128048000 (13 bytes)
1717341174.221547 sending message 112 to peer 0x128048000 (13 bytes)
1717341174.221550 sending message 112 to peer 0x128048000 (13 bytes)
1717341174.221554 sending message 112 to peer 0x128048000 (9 bytes)
1717341174.221558 sending message 112 to peer 0x128048000 (12 bytes)
1717341174.221561 sending message 112 to peer 0x128048000 (13 bytes)
1717341174.221565 sending message 112 to peer 0x128048000 (13 bytes)
1717341174.221569 sending message 112 to peer 0x128048000 (13 bytes)
1717341174.221573 sending message 112 to peer 0x128048000 (13 bytes)
1717341174.221577 sending message 112 to peer 0x128048000 (13 bytes)
1717341174.221585 sending message 112 to peer 0x128048000 (11 bytes)
1717341174.221590 sending message 112 to peer 0x128048000 (12 bytes)
1717341174.221593 sending message 112 to peer 0x128048000 (13 bytes)
1717341174.221597 sending message 112 to peer 0x128048000 (13 bytes)
1717341174.221601 sending message 112 to peer 0x128048000 (13 bytes)
1717341174.221605 sending message 112 to peer 0x128048000 (13 bytes)
1717341174.221609 sending message 112 to peer 0x128048000 (13 bytes)
1717341174.221612 sending message 112 to peer 0x128048000 (11 bytes)
1717341174.221616 sending message 112 to peer 0x128048000 (12 bytes)
1717341174.221620 sending message 112 to peer 0x128048000 (12 bytes)
1717341174.221624 sending message 112 to peer 0x128048000 (12 bytes)
1717341174.221627 sending message 112 to peer 0x128048000 (12 bytes)
1717341174.221631 sending message 112 to peer 0x128048000 (12 bytes)
1717341174.221635 sending message 112 to peer 0x128048000 (21 bytes)
1717341174.221639 sending message 112 to peer 0x128048000 (12 bytes)
1717341174.221642 sending message 112 to peer 0x128048000 (9 bytes)
1717341174.221646 sending message 112 to peer 0x128048000 (6 bytes)
1717341174.221650 sending message 112 to peer 0x128048000 (13 bytes)
1717341174.221654 sending message 112 to peer 0x128048000 (10 bytes)
1717341174.221658 sending message 112 to peer 0x128048000 (24 bytes)
1717341174.221661 sending message 112 to peer 0x128048000 (13 bytes)
1717341174.221665 sending message 112 to peer 0x128048000 (9 bytes)
1717341174.221669 sending message 112 to peer 0x128048000 (70 bytes)
1717341174.221673 sending message 112 to peer 0x128048000 (69 bytes)
1717341174.221676 sending message 112 to peer 0x128048000 (12 bytes)
1717341174.221680 sending message 112 to peer 0x128048000 (10 bytes)
1717341174.221684 sending message 112 to peer 0x128048000 (10 bytes)
1717341174.221688 sending message 112 to peer 0x128048000 (24 bytes)
1717341174.221691 sending message 112 to peer 0x128048000 (13 bytes)
1717341174.221695 sending message 112 to peer 0x128048000 (10 bytes)
1717341174.221699 sending message 112 to peer 0x128048000 (10 bytes)
1717341174.221703 sending message 112 to peer 0x128048000 (10 bytes)
1717341174.221707 sending message 112 to peer 0x128048000 (13 bytes)
1717341174.221710 sending message 112 to peer 0x128048000 (15 bytes)
1717341174.221714 sending message 112 to peer 0x128048000 (5 bytes)
1717341174.221719 sending message 104 to peer 0x128048000 (0 bytes)
1717341174.221723 sending message 110 to peer 0x128048000 (0 bytes)
1717341174.221727 sending message 107 to peer 0x128048000 (4 bytes)
1717341174.221731 sending message 105 to peer 0x128048000 (29 bytes)
1717341174.221735 sending message 105 to peer 0x128048000 (20 bytes)
1717341174.221739 sending message 105 to peer 0x128048000 (14 bytes)
1717341174.221742 sending message 105 to peer 0x128048000 (70 bytes)
1717341174.221746 sending message 105 to peer 0x128048000 (25 bytes)
1717341174.221750 sending message 105 to peer 0x128048000 (15 bytes)
1717341174.221754 sending message 105 to peer 0x128048000 (42 bytes)
1717341174.221758 sending message 105 to peer 0x128048000 (56 bytes)
1717341174.221761 sending message 105 to peer 0x128048000 (44 bytes)
1717341174.221765 sending message 105 to peer 0x128048000 (66 bytes)
1717341174.221769 sending message 105 to peer 0x128048000 (72 bytes)
1717341174.221773 sending message 105 to peer 0x128048000 (30 bytes)
1717341174.221776 sending message 105 to peer 0x128048000 (21 bytes)
1717341174.221780 sending message 105 to peer 0x128048000 (111 bytes)
1717341174.221784 sending message 105 to peer 0x128048000 (33 bytes)
1717341174.221788 sending message 105 to peer 0x128048000 (22 bytes)
1717341174.221792 sending message 105 to peer 0x128048000 (322 bytes)
1717341174.221796 sending message 105 to peer 0x128048000 (22 bytes)
1717341174.221800 sending message 105 to peer 0x128048000 (26 bytes)
1717341174.221804 sending message 105 to peer 0x128048000 (17 bytes)
1717341174.221808 sending message 105 to peer 0x128048000 (76 bytes)
1717341174.221820 sending message 105 to peer 0x128048000 (16 bytes)
1717341174.221824 sending message 105 to peer 0x128048000 (37 bytes)
1717341174.221828 sending message 105 to peer 0x128048000 (28 bytes)
1717341174.221831 sending message 105 to peer 0x128048000 (57 bytes)
1717341174.221835 sending message 105 to peer 0x128048000 (142 bytes)
1717341174.221839 sending message 105 to peer 0x128048000 (34 bytes)
1717341174.221843 sending message 105 to peer 0x128048000 (20 bytes)
1717341174.221847 sending message 105 to peer 0x128048000 (19 bytes)
1717341174.221851 sending message 105 to peer 0x128048000 (14 bytes)
1717341174.221854 sending message 105 to peer 0x128048000 (37 bytes)
1717341174.221858 sending message 105 to peer 0x128048000 (8 bytes)
1717341174.221862 sending message 105 to peer 0x128048000 (14 bytes)
1717341174.221866 sending message 105 to peer 0x128048000 (34 bytes)
1717341174.221874 sending message 105 to peer 0x128048000 (19 bytes)
1717341174.221878 sending message 105 to peer 0x128048000 (49 bytes)
1717341174.221882 sending message 105 to peer 0x128048000 (69 bytes)
1717341174.221886 sending message 105 to peer 0x128048000 (435 bytes)
1717341174.221890 sending message 105 to peer 0x128048000 (70 bytes)
1717341174.221894 sending message 105 to peer 0x128048000 (61 bytes)
1717341174.221898 sending message 105 to peer 0x128048000 (29 bytes)
1717341174.221901 sending message 105 to peer 0x128048000 (15 bytes)
1717341174.221905 sending message 105 to peer 0x128048000 (38 bytes)
1717341174.221909 sending message 105 to peer 0x128048000 (18 bytes)
1717341174.221913 sending message 105 to peer 0x128048000 (64 bytes)
1717341174.221917 sending message 105 to peer 0x128048000 (25 bytes)
1717341174.221920 sending message 106 to peer 0x128048000 (0 bytes)
1717341174.222005 sending message 200 to peer 0x128048000 (4 bytes)
1717341174.222011 client loop enter
1717341174.222441 peer 0x128048000 message 303
1717341174.222454 open write file 2 -
1717341174.222481 sending message 305 to peer 0x128048000 (8 bytes)
1717341174.222498 write check file 2
1717341174.222541 peer 0x128048000 message 304
1717341174.222547 write 58 to file 2
1717341174.222552 peer 0x128048000 message 203
1717341174.222557 file 2 58 bytes left
1717341174.222573 write check file 2
1717341174.222577 client loop exit
